SF:lib/model/task.dart
DA:5,6
DA:6,2
DA:7,2
DA:8,2
DA:9,2
DA:12,2
DA:14,1
DA:15,5
DA:17,2
DA:18,10
DA:20,2
LF:11
LH:11
end_of_record
SF:lib/screens/add_task_dialog.dart
DA:6,1
DA:7,1
DA:14,0
DA:15,0
DA:16,0
DA:19,1
DA:21,1
DA:23,1
DA:24,1
DA:25,1
DA:26,1
DA:27,1
DA:28,1
DA:30,3
DA:32,1
DA:36,1
DA:37,1
DA:38,1
DA:39,1
DA:40,1
DA:41,1
DA:42,1
DA:44,1
DA:45,1
DA:49,2
DA:50,0
DA:54,1
DA:55,1
DA:57,1
DA:58,1
DA:62,0
LF:31
LH:26
end_of_record
SF:lib/screens/task_list_view.dart
DA:10,1
DA:11,1
DA:17,1
DA:18,1
DA:19,1
DA:20,1
DA:21,0
DA:22,1
DA:23,0
DA:24,2
DA:25,3
DA:26,1
DA:27,1
DA:28,0
DA:30,0
DA:34,1
DA:35,1
DA:36,1
DA:37,1
DA:39,1
DA:40,1
DA:41,1
DA:42,4
DA:45,2
DA:48,1
DA:49,1
DA:51,4
DA:53,1
DA:57,1
DA:58,1
DA:59,1
DA:64,0
DA:65,0
DA:66,0
DA:70,0
DA:71,0
DA:72,0
DA:73,0
DA:74,0
DA:75,0
DA:76,0
DA:77,0
DA:78,0
DA:79,0
DA:81,0
DA:82,0
DA:85,0
DA:86,0
DA:88,0
DA:89,0
DA:95,0
DA:96,0
DA:97,0
DA:98,0
DA:99,0
DA:100,0
DA:101,0
DA:102,0
DA:103,0
DA:104,0
DA:107,0
DA:108,0
DA:109,0
DA:110,0
DA:118,0
DA:119,0
DA:124,0
DA:125,0
DA:126,0
DA:127,0
DA:128,0
DA:134,0
DA:135,0
LF:73
LH:27
end_of_record
