SF:lib/model/task.dart
DA:5,6
DA:6,2
DA:7,2
DA:8,2
DA:9,2
DA:12,4
DA:14,1
DA:15,5
DA:17,2
DA:18,10
DA:20,2
LF:11
LH:11
end_of_record
SF:lib/screens/add_task_dialog.dart
DA:6,1
DA:7,1
DA:14,1
DA:15,5
DA:16,3
DA:19,1
DA:21,1
DA:23,1
DA:24,1
DA:25,1
DA:26,1
DA:27,1
DA:28,1
DA:30,3
DA:32,1
DA:36,1
DA:37,1
DA:38,1
DA:39,1
DA:40,1
DA:41,1
DA:42,1
DA:44,1
DA:45,1
DA:46,1
DA:50,2
DA:51,2
DA:55,1
DA:56,1
DA:58,1
DA:59,1
DA:60,1
DA:64,2
LF:33
LH:33
end_of_record
SF:lib/screens/task_list_view.dart
DA:10,1
DA:11,1
DA:17,1
DA:18,1
DA:19,2
DA:20,1
DA:21,1
DA:22,0
DA:23,1
DA:24,0
DA:25,2
DA:26,3
DA:27,1
DA:28,3
DA:29,1
DA:30,2
DA:32,0
DA:36,1
DA:37,1
DA:38,1
DA:39,1
DA:41,1
DA:42,1
DA:43,1
DA:44,4
DA:47,2
DA:50,1
DA:51,1
DA:53,4
DA:55,1
DA:59,1
DA:60,1
DA:61,1
DA:66,0
DA:67,0
DA:68,0
DA:72,1
DA:73,1
DA:74,0
DA:75,0
DA:76,0
DA:77,0
DA:78,0
DA:79,0
DA:80,0
DA:81,0
DA:83,0
DA:84,0
DA:87,0
DA:88,0
DA:90,0
DA:91,0
DA:97,2
DA:98,1
DA:99,2
DA:100,1
DA:101,1
DA:102,1
DA:103,1
DA:104,1
DA:105,0
DA:106,0
DA:109,1
DA:110,1
DA:111,1
DA:112,2
DA:120,2
DA:121,2
DA:126,1
DA:127,2
DA:128,1
DA:129,1
DA:130,2
DA:136,2
DA:137,2
LF:75
LH:53
end_of_record
